<?xml version="1.0" encoding="UTF-8"?>
<!-- Generated by org.testng.reporters.JUnitXMLReporter -->
<testsuite hostname="DESKTOP-HHEF1A7" name="Test" tests="9" failures="0" timestamp="27 Aug 2020 12:43:30 GMT" time="65.455" errors="0">
  <testcase name="TestCase2" time="0.067" classname="TestNG_Tasks.Activity_2"/>
  <testcase name="TestCase1" time="0.014" classname="TestNG_Tasks.Activity_1"/>
  <testcase name="TestCase3" time="2.694" classname="TestNG_Tasks.Activity_3"/>
  <testcase name="TestCase5" time="7.99" classname="TestNG_Tasks.Activity_5"/>
  <testcase name="TestCase4" time="13.198" classname="TestNG_Tasks.Activity_4"/>
  <testcase name="TestCase6" time="6.242" classname="TestNG_Tasks.Activity_6"/>
  <testcase name="TestCase7" time="6.29" classname="TestNG_Tasks.Activity_7"/>
  <testcase name="TestCase8" time="12.624" classname="TestNG_Tasks.Activity_8"/>
  <testcase name="TestCase9" time="3.473" classname="TestNG_Tasks.Activity_9"/>
</testsuite> <!-- Test -->
